<?xml version="1.0" encoding="UTF-8"?>
<!-- Generated by org.testng.reporters.JUnitXMLReporter -->
<testsuite hostname="LAPTOP-IP5SVRHO" name="Test" tests="5" failures="5" timestamp="26 Feb 2017 17:48:34 GMT" time="141.403" errors="0">
  <testcase name="invalidsearch" time="3.511" classname="testScripts.Scenario_Search">
    <failure type="java.io.IOException" message="Destination &amp;apos;E:\FebReports&amp;apos; directory cannot be created">
      <![CDATA[java.io.IOException: Destination 'E:\FebReports' directory cannot be created
	at org.apache.commons.io.FileUtils.copyFile(FileUtils.java:1085)
	at org.apache.commons.io.FileUtils.copyFile(FileUtils.java:1038)
	at genericLibrary.Base.getScreen(Base.java:89)
	at genericLibrary.Base.cv_contains(Base.java:166)
	at testScripts.Scenario_Search.invalidsearch(Scenario_Search.java:28)
... Removed 24 stack frames]]>
    </failure>
  </testcase> <!-- invalidsearch -->
  <testcase name="validsearch" time="2.318" classname="testScripts.Scenario_Search">
    <failure type="java.io.IOException" message="Destination &amp;apos;E:\FebReports&amp;apos; directory cannot be created">
      <![CDATA[java.io.IOException: Destination 'E:\FebReports' directory cannot be created
	at org.apache.commons.io.FileUtils.copyFile(FileUtils.java:1085)
	at org.apache.commons.io.FileUtils.copyFile(FileUtils.java:1038)
	at genericLibrary.Base.getScreen(Base.java:89)
	at genericLibrary.Base.cv_contains(Base.java:166)
	at testScripts.Scenario_Search.validsearch(Scenario_Search.java:56)
... Removed 24 stack frames]]>
    </failure>
  </testcase> <!-- validsearch -->
  <testcase name="validsearch" time="2.208" classname="testScripts.Scenario_Search">
    <failure type="java.io.IOException" message="Destination &amp;apos;E:\FebReports&amp;apos; directory cannot be created">
      <![CDATA[java.io.IOException: Destination 'E:\FebReports' directory cannot be created
	at org.apache.commons.io.FileUtils.copyFile(FileUtils.java:1085)
	at org.apache.commons.io.FileUtils.copyFile(FileUtils.java:1038)
	at genericLibrary.Base.getScreen(Base.java:89)
	at genericLibrary.Base.cv_contains(Base.java:166)
	at testScripts.Scenario_Search.validsearch(Scenario_Search.java:56)
... Removed 24 stack frames]]>
    </failure>
  </testcase> <!-- validsearch -->
  <testcase name="validsearch" time="2.263" classname="testScripts.Scenario_Search">
    <failure type="java.io.IOException" message="Destination &amp;apos;E:\FebReports&amp;apos; directory cannot be created">
      <![CDATA[java.io.IOException: Destination 'E:\FebReports' directory cannot be created
	at org.apache.commons.io.FileUtils.copyFile(FileUtils.java:1085)
	at org.apache.commons.io.FileUtils.copyFile(FileUtils.java:1038)
	at genericLibrary.Base.getScreen(Base.java:89)
	at genericLibrary.Base.cv_contains(Base.java:166)
	at testScripts.Scenario_Search.validsearch(Scenario_Search.java:56)
... Removed 24 stack frames]]>
    </failure>
  </testcase> <!-- validsearch -->
  <testcase name="ValidLogin" time="12.655" classname="testScripts.Scenario_Login">
    <failure type="java.io.IOException" message="Destination &amp;apos;E:\FebReports&amp;apos; directory cannot be created">
      <![CDATA[java.io.IOException: Destination 'E:\FebReports' directory cannot be created
	at org.apache.commons.io.FileUtils.copyFile(FileUtils.java:1085)
	at org.apache.commons.io.FileUtils.copyFile(FileUtils.java:1038)
	at genericLibrary.Base.getElementScreen(Base.java:113)
	at genericLibrary.Base.cv_equals(Base.java:139)
	at testScripts.Scenario_Login.ValidLogin(Scenario_Login.java:63)
... Removed 24 stack frames]]>
    </failure>
  </testcase> <!-- ValidLogin -->
</testsuite> <!-- Test -->
